[    0.000000] Linux version 4.15.0-167-generic (buildd@lcy02-amd64-045) (gcc version 7.5.0 (Ubuntu 7.5.0-3ubuntu1~18.04)) #175-Ubuntu SMP Wed Jan 5 01:56:07 UTC 2022 (Ubuntu 4.15.0-167.175-generic 4.15.18)
[    0.000000] Command line: BOOT_IMAGE=/boot/vmlinuz-4.15.0-167-generic root=LABEL=cloudimg-rootfs ro console=tty1 console=ttyS0
[    0.000000] KERNEL supported cpus:
[    0.000000]   Intel GenuineIntel
[    0.000000]   AMD AuthenticAMD
[    0.000000]   Centaur CentaurHauls
[    0.000000] x86/fpu: x87 FPU will use FXSAVE
[    0.000000] e820: BIOS-provided physical RAM map:
[    0.000000] BIOS-e820: [mem 0x0000000000000000-0x000000000009fbff] usable
[    0.000000] BIOS-e820: [mem 0x000000000009fc00-0x000000000009ffff] reserved
[    0.000000] BIOS-e820: [mem 0x00000000000f0000-0x00000000000fffff] reserved
[    0.000000] BIOS-e820: [mem 0x0000000000100000-0x000000001ffeffff] usable
[    0.000000] BIOS-e820: [mem 0x000000001fff0000-0x000000001fffffff] ACPI data
[    0.000000] BIOS-e820: [mem 0x00000000fec00000-0x00000000fec00fff] reserved
[    0.000000] BIOS-e820: [mem 0x00000000fee00000-0x00000000fee00fff] reserved
[    0.000000] BIOS-e820: [mem 0x00000000fffc0000-0x00000000ffffffff] reserved
[    0.000000] NX (Execute Disable) protection: active
[    0.000000] SMBIOS 2.5 present.
[    0.000000] DMI: innotek GmbH VirtualBox/VirtualBox, BIOS VirtualBox 12/01/2006
[    0.000000] Hypervisor detected: KVM
[    0.000000] e820: last_pfn = 0x1fff0 max_arch_pfn = 0x400000000
[    0.000000] MTRR: Disabled
[    0.000000] x86/PAT: MTRRs disabled, skipping PAT initialization too.
[    0.000000] CPU MTRRs all blank - virtualized system.
[    0.000000] x86/PAT: Configuration [0-7]: WB  WT  UC- UC  WB  WT  UC- UC  
[    0.000000] found SMP MP-table at [mem 0x0009fff0-0x0009ffff]
[    0.000000] Scanning 1 areas for low memory corruption
[    0.000000] RAMDISK: [mem 0x1daec000-0x1edfcfff]
[    0.000000] ACPI: Early table checksum verification disabled
[    0.000000] ACPI: RSDP 0x00000000000E0000 000024 (v02 VBOX  )
[    0.000000] ACPI: XSDT 0x000000001FFF0030 00003C (v01 VBOX   VBOXXSDT 00000001 ASL  00000061)
[    0.000000] ACPI: FACP 0x000000001FFF00F0 0000F4 (v04 VBOX   VBOXFACP 00000001 ASL  00000061)
[    0.000000] ACPI: DSDT 0x000000001FFF0470 002325 (v02 VBOX   VBOXBIOS 00000002 INTL 20100528)
[    0.000000] ACPI: FACS 0x000000001FFF0200 000040
[    0.000000] ACPI: FACS 0x000000001FFF0200 000040
[    0.000000] ACPI: APIC 0x000000001FFF0240 000054 (v02 VBOX   VBOXAPIC 00000001 ASL  00000061)
[    0.000000] ACPI: SSDT 0x000000001FFF02A0 0001CC (v01 VBOX   VBOXCPUT 00000002 INTL 20100528)
[    0.000000] ACPI: Reserving FACP table memory at [mem 0x1fff00f0-0x1fff01e3]
[    0.000000] ACPI: Reserving DSDT table memory at [mem 0x1fff0470-0x1fff2794]
[    0.000000] ACPI: Reserving FACS table memory at [mem 0x1fff0200-0x1fff023f]
[    0.000000] ACPI: Reserving FACS table memory at [mem 0x1fff0200-0x1fff023f]
[    0.000000] ACPI: Reserving APIC table memory at [mem 0x1fff0240-0x1fff0293]
[    0.000000] ACPI: Reserving SSDT table memory at [mem 0x1fff02a0-0x1fff046b]
[    0.000000] No NUMA configuration found
[    0.000000] Faking a node at [mem 0x0000000000000000-0x000000001ffeffff]
[    0.000000] NODE_DATA(0) allocated [mem 0x1ffc5000-0x1ffeffff]
[    0.000000] kvm-clock: cpu 0, msr 0:1ff44001, primary cpu clock
[    0.000000] kvm-clock: Using msrs 4b564d01 and 4b564d00
[    0.000000] kvm-clock: using sched offset of 3734988412 cycles
[    0.000000] clocksource: kvm-clock: mask: 0xffffffffffffffff max_cycles: 0x1cd42e4dffb, max_idle_ns: 881590591483 ns
[    0.000000] Zone ranges:
[    0.000000]   DMA      [mem 0x0000000000001000-0x0000000000ffffff]
[    0.000000]   DMA32    [mem 0x0000000001000000-0x000000001ffeffff]
[    0.000000]   Normal   empty
[    0.000000]   Device   empty
[    0.000000] Movable zone start for each node
[    0.000000] Early memory node ranges
[    0.000000]   node   0: [mem 0x0000000000001000-0x000000000009efff]
[    0.000000]   node   0: [mem 0x0000000000100000-0x000000001ffeffff]
[    0.000000] Reserved but unavailable: 104 pages
[    0.000000] Initmem setup node 0 [mem 0x0000000000001000-0x000000001ffeffff]
[    0.000000] ACPI: PM-Timer IO Port: 0x4008
[    0.000000] IOAPIC[0]: apic_id 1, version 32, address 0xfec00000, GSI 0-23
[    0.000000] ACPI: INT_SRC_OVR (bus 0 bus_irq 0 global_irq 2 dfl dfl)
[    0.000000] ACPI: INT_SRC_OVR (bus 0 bus_irq 9 global_irq 9 low level)
[    0.000000] Using ACPI (MADT) for SMP configuration information
[    0.000000] smpboot: Allowing 1 CPUs, 0 hotplug CPUs
[    0.000000] PM: Registered nosave memory: [mem 0x00000000-0x00000fff]
[    0.000000] PM: Registered nosave memory: [mem 0x0009f000-0x0009ffff]
[    0.000000] PM: Registered nosave memory: [mem 0x000a0000-0x000effff]
[    0.000000] PM: Registered nosave memory: [mem 0x000f0000-0x000fffff]
[    0.000000] e820: [mem 0x20000000-0xfebfffff] available for PCI devices
[    0.000000] Booting paravirtualized kernel on KVM
[    0.000000] clocksource: refined-jiffies: mask: 0xffffffff max_cycles: 0xffffffff, max_idle_ns: 7645519600211568 ns
[    0.000000] random: get_random_bytes called from start_kernel+0x99/0x500 with crng_init=0
[    0.000000] setup_percpu: NR_CPUS:8192 nr_cpumask_bits:1 nr_cpu_ids:1 nr_node_ids:1
[    0.000000] percpu: Embedded 50 pages/cpu s167936 r8192 d28672 u2097152
[    0.000000] PV qspinlock hash table entries: 256 (order: 0, 4096 bytes)
[    0.000000] Built 1 zonelists, mobility grouping on.  Total pages: 128889
[    0.000000] Policy zone: DMA32
[    0.000000] Kernel command line: BOOT_IMAGE=/boot/vmlinuz-4.15.0-167-generic root=LABEL=cloudimg-rootfs ro console=tty1 console=ttyS0
[    0.000000] Memory: 466748K/523832K available (12300K kernel code, 2483K rwdata, 4324K rodata, 2476K init, 2724K bss, 57084K reserved, 0K cma-reserved)
[    0.000000] SLUB: HWalign=64, Order=0-3, MinObjects=0, CPUs=1, Nodes=1
[    0.000000] ftrace: allocating 39494 entries in 155 pages
[    0.004000] Hierarchical RCU implementation.
[    0.004000] 	RCU restricting CPUs from NR_CPUS=8192 to nr_cpu_ids=1.
[    0.004000] 	Tasks RCU enabled.
[    0.004000] RCU: Adjusting geometry for rcu_fanout_leaf=16, nr_cpu_ids=1
[    0.004000] NR_IRQS: 524544, nr_irqs: 256, preallocated irqs: 16
[    0.004000] Console: colour VGA+ 80x25
[    0.004000] console [tty1] enabled
[    0.004000] console [ttyS0] enabled
[    0.004000] ACPI: Core revision 20170831
[    0.004000] ACPI: 2 ACPI AML tables successfully acquired and loaded
[    0.004000] APIC: Switch to symmetric I/O mode setup
[    0.004000] ..TIMER: vector=0x30 apic1=0 pin1=2 apic2=-1 pin2=-1
[    0.004000] tsc: Detected 2495.996 MHz processor
[    0.004000] Calibrating delay loop (skipped) preset value.. 4991.99 BogoMIPS (lpj=9983984)
[    0.004000] pid_max: default: 32768 minimum: 301
[    0.004000] Security Framework initialized
[    0.004000] Yama: becoming mindful.
[    0.004000] AppArmor: AppArmor initialized
[    0.004000] Dentry cache hash table entries: 65536 (order: 7, 524288 bytes)
[    0.004000] Inode-cache hash table entries: 32768 (order: 6, 262144 bytes)
[    0.004000] Mount-cache hash table entries: 1024 (order: 1, 8192 bytes)
[    0.004000] Mountpoint-cache hash table entries: 1024 (order: 1, 8192 bytes)
[    0.008591] Last level iTLB entries: 4KB 0, 2MB 0, 4MB 0
[    0.011588] Last level dTLB entries: 4KB 0, 2MB 0, 4MB 0, 1GB 0
[    0.012000] Spectre V1 : Mitigation: usercopy/swapgs barriers and __user pointer sanitization
[    0.012000] Spectre V2 : Mitigation: Enhanced IBRS
[    0.012000] Spectre V2 : Spectre v2 / SpectreRSB mitigation: Filling RSB on context switch
[    0.012000] Speculative Store Bypass: Vulnerable
[    0.012000] Freeing SMP alternatives memory: 36K
[    0.036000] smpboot: CPU0: 11th Gen Intel(R) Core(TM) i7-11850H @ 2.50GHz (family: 0x6, model: 0x8d, stepping: 0x1)
[    0.036000] Performance Events: unsupported p6 CPU model 141 no PMU driver, software events only.
[    0.036000] Hierarchical SRCU implementation.
[    0.036000] NMI watchdog: Perf event create on CPU 0 failed with -2
[    0.036000] NMI watchdog: Perf NMI watchdog permanently disabled
[    0.036000] smp: Bringing up secondary CPUs ...
[    0.036000] smp: Brought up 1 node, 1 CPU
[    0.036000] smpboot: Max logical packages: 1
[    0.036000] smpboot: Total of 1 processors activated (4991.99 BogoMIPS)
[    0.036000] devtmpfs: initialized
[    0.036000] x86/mm: Memory block size: 128MB
[    0.036000] evm: security.selinux
[    0.036000] evm: security.SMACK64
[    0.036000] evm: security.SMACK64EXEC
[    0.036000] evm: security.SMACK64TRANSMUTE
[    0.036000] evm: security.SMACK64MMAP
[    0.036000] evm: security.apparmor
[    0.036000] evm: security.ima
[    0.036000] evm: security.capability
[    0.036000] clocksource: jiffies: mask: 0xffffffff max_cycles: 0xffffffff, max_idle_ns: 7645041785100000 ns
[    0.036000] futex hash table entries: 256 (order: 2, 16384 bytes)
[    0.036000] pinctrl core: initialized pinctrl subsystem
[    0.036000] RTC time: 14:57:54, date: 02/07/22
[    0.036000] NET: Registered protocol family 16
[    0.036000] audit: initializing netlink subsys (disabled)
[    0.036000] cpuidle: using governor ladder
[    0.036000] cpuidle: using governor menu
[    0.036000] ACPI: bus type PCI registered
[    0.036000] acpiphp: ACPI Hot Plug PCI Controller Driver version: 0.5
[    0.036000] PCI: Using configuration type 1 for base access
[    0.036000] audit: type=2000 audit(1644245878.642:1): state=initialized audit_enabled=0 res=1
[    0.036000] HugeTLB registered 2.00 MiB page size, pre-allocated 0 pages
[    0.036000] ACPI: Added _OSI(Module Device)
[    0.036000] ACPI: Added _OSI(Processor Device)
[    0.036000] ACPI: Added _OSI(3.0 _SCP Extensions)
[    0.036000] ACPI: Added _OSI(Processor Aggregator Device)
[    0.036000] ACPI: Added _OSI(Linux-Dell-Video)
[    0.036000] ACPI: Added _OSI(Linux-Lenovo-NV-HDMI-Audio)
[    0.036000] ACPI: Added _OSI(Linux-HPI-Hybrid-Graphics)
[    0.036723] ACPI: Executed 1 blocks of module-level executable AML code
[    0.045275] ACPI: Interpreter enabled
[    0.047171] ACPI: (supports S0 S5)
[    0.048000] ACPI: Using IOAPIC for interrupt routing
[    0.048225] PCI: Using host bridge windows from ACPI; if necessary, use "pci=nocrs" and report a bug
[    0.052000] ACPI: Enabled 2 GPEs in block 00 to 07
[    0.060065] ACPI: PCI Root Bridge [PCI0] (domain 0000 [bus 00-ff])
[    0.063506] acpi PNP0A03:00: _OSC: OS supports [ASPM ClockPM Segments MSI]
[    0.068417] acpi PNP0A03:00: _OSC: not requesting OS control; OS requires [ExtendedConfig ASPM ClockPM MSI]
[    0.072000] acpi PNP0A03:00: fail to add MMCONFIG information, can't access extended PCI configuration space under this bridge.
[    0.072602] PCI host bridge to bus 0000:00
[    0.075366] pci_bus 0000:00: root bus resource [io  0x0000-0x0cf7 window]
[    0.076000] pci_bus 0000:00: root bus resource [io  0x0d00-0xffff window]
[    0.076000] pci_bus 0000:00: root bus resource [mem 0x000a0000-0x000bffff window]
[    0.076000] pci_bus 0000:00: root bus resource [mem 0x20000000-0xfdffffff window]
[    0.076000] pci_bus 0000:00: root bus resource [bus 00-ff]
[    0.081299] pci 0000:00:01.1: legacy IDE quirk: reg 0x10: [io  0x01f0-0x01f7]
[    0.084000] pci 0000:00:01.1: legacy IDE quirk: reg 0x14: [io  0x03f6]
[    0.084000] pci 0000:00:01.1: legacy IDE quirk: reg 0x18: [io  0x0170-0x0177]
[    0.084000] pci 0000:00:01.1: legacy IDE quirk: reg 0x1c: [io  0x0376]
[    0.094875] pci 0000:00:07.0: quirk: [io  0x4000-0x403f] claimed by PIIX4 ACPI
[    0.096000] pci 0000:00:07.0: quirk: [io  0x4100-0x410f] claimed by PIIX4 SMB
[    0.104584] ACPI: PCI Interrupt Link [LNKA] (IRQs 5 9 10 *11)
[    0.108391] ACPI: PCI Interrupt Link [LNKB] (IRQs 5 9 *10 11)
[    0.112000] ACPI: PCI Interrupt Link [LNKC] (IRQs 5 *9 10 11)
[    0.112000] ACPI: PCI Interrupt Link [LNKD] (IRQs 5 9 10 *11)
[    0.112000] SCSI subsystem initialized
[    0.112000] pci 0000:00:02.0: vgaarb: setting as boot VGA device
[    0.112000] pci 0000:00:02.0: vgaarb: VGA device added: decodes=io+mem,owns=io+mem,locks=none
[    0.112000] pci 0000:00:02.0: vgaarb: bridge control possible
[    0.112000] vgaarb: loaded
[    0.112000] ACPI: bus type USB registered
[    0.112000] usbcore: registered new interface driver usbfs
[    0.112000] usbcore: registered new interface driver hub
[    0.112000] usbcore: registered new device driver usb
[    0.112000] EDAC MC: Ver: 3.0.0
[    0.112000] PCI: Using ACPI for IRQ routing
[    0.112232] NetLabel: Initializing
[    0.114042] NetLabel:  domain hash size = 128
[    0.116000] NetLabel:  protocols = UNLABELED CIPSOv4 CALIPSO
[    0.116000] NetLabel:  unlabeled traffic allowed by default
[    0.116022] clocksource: Switched to clocksource kvm-clock
[    0.143866] VFS: Disk quotas dquot_6.6.0
[    0.144738] VFS: Dquot-cache hash table entries: 512 (order 0, 4096 bytes)
[    0.144738] AppArmor: AppArmor Filesystem Enabled
[    0.144738] pnp: PnP ACPI init
[    0.155028] pnp: PnP ACPI: found 3 devices
[    0.163900] clocksource: acpi_pm: mask: 0xffffff max_cycles: 0xffffff, max_idle_ns: 2085701024 ns
[    0.164682] NET: Registered protocol family 2
[    0.164682] IP idents hash table entries: 8192 (order: 4, 65536 bytes)
[    0.164682] TCP established hash table entries: 4096 (order: 3, 32768 bytes)
[    0.164682] TCP bind hash table entries: 4096 (order: 4, 65536 bytes)
[    0.164682] TCP: Hash tables configured (established 4096 bind 4096)
[    0.164682] UDP hash table entries: 256 (order: 1, 8192 bytes)
[    0.194345] UDP-Lite hash table entries: 256 (order: 1, 8192 bytes)
[    0.197498] NET: Registered protocol family 1
[    0.198280] pci 0000:00:00.0: Limiting direct PCI/PCI transfers
[    0.198280] pci 0000:00:01.0: Activating ISA DMA hang workarounds
[    0.198280] pci 0000:00:02.0: Video device with shadowed ROM at [mem 0x000c0000-0x000dffff]
[    0.198280] Unpacking initramfs...
[    0.530977] Freeing initrd memory: 19524K
[    0.530977] clocksource: tsc: mask: 0xffffffffffffffff max_cycles: 0x23fa73621d8, max_idle_ns: 440795297715 ns
[    0.530977] platform rtc_cmos: registered platform RTC device (no PNP device found)
[    0.530977] Scanning for low memory corruption every 60 seconds
[    0.530977] Initialise system trusted keyrings
[    0.530977] Key type blacklist registered
[    0.530977] workingset: timestamp_bits=36 max_order=17 bucket_order=0
[    0.530977] zbud: loaded
[    0.530977] squashfs: version 4.0 (2009/01/31) Phillip Lougher
[    0.530977] fuse init (API version 7.26)
[    0.530977] Key type asymmetric registered
[    0.530977] Asymmetric key parser 'x509' registered
[    0.530977] Block layer SCSI generic (bsg) driver version 0.4 loaded (major 246)
[    0.530977] io scheduler noop registered
[    0.530977] io scheduler deadline registered
[    0.530977] io scheduler cfq registered (default)
[    0.593352] ACPI: AC Adapter [AC] (on-line)
[    0.595569] input: Power Button as /devices/LNXSYSTM:00/LNXPWRBN:00/input/input0
[    0.597218] ACPI: Power Button [PWRF]
[    0.601395] input: Sleep Button as /devices/LNXSYSTM:00/LNXSLPBN:00/input/input1
[    0.605160] ACPI: Sleep Button [SLPF]
[    0.608529] ACPI: Battery Slot [BAT0] (battery present)
[    0.611387] Serial: 8250/16550 driver, 32 ports, IRQ sharing enabled
[    0.640195] 00:02: ttyS0 at I/O 0x3f8 (irq = 4, base_baud = 115200) is a 16550A
[    0.644043] Linux agpgart interface v0.103
[    0.650894] loop: module loaded
[    0.653365] scsi host0: ata_piix
[    0.655220] scsi host1: ata_piix
[    0.656699] ata1: PATA max UDMA/33 cmd 0x1f0 ctl 0x3f6 bmdma 0xd000 irq 14
[    0.656699] ata2: PATA max UDMA/33 cmd 0x170 ctl 0x376 bmdma 0xd008 irq 15
[    0.665608] libphy: Fixed MDIO Bus: probed
[    0.668483] tun: Universal TUN/TAP device driver, 1.6
[    0.668483] PPP generic driver version 2.4.2
[    0.668483] ehci_hcd: USB 2.0 'Enhanced' Host Controller (EHCI) Driver
[    0.668483] ehci-pci: EHCI PCI platform driver
[    0.668483] ehci-platform: EHCI generic platform driver
[    0.668483] ohci_hcd: USB 1.1 'Open' Host Controller (OHCI) Driver
[    0.668483] ohci-pci: OHCI PCI platform driver
[    0.668483] ohci-platform: OHCI generic platform driver
[    0.668483] uhci_hcd: USB Universal Host Controller Interface driver
[    0.668483] i8042: PNP: PS/2 Controller [PNP0303:PS2K,PNP0f03:PS2M] at 0x60,0x64 irq 1,12
[    0.715772] serio: i8042 KBD port at 0x60,0x64 irq 1
[    0.718403] serio: i8042 AUX port at 0x60,0x64 irq 12
[    0.718767] mousedev: PS/2 mouse device common for all mice
[    0.726695] rtc_cmos rtc_cmos: rtc core: registered rtc_cmos as rtc0
[    0.729785] rtc_cmos rtc_cmos: alarms up to one day, 114 bytes nvram
[    0.729785] i2c /dev entries driver
[    0.729785] device-mapper: uevent: version 1.0.3
[    0.729785] device-mapper: ioctl: 4.37.0-ioctl (2017-09-20) initialised: dm-devel@redhat.com
[    0.729785] ledtrig-cpu: registered to indicate activity on CPUs
[    0.729785] NET: Registered protocol family 10
[    0.761172] input: AT Translated Set 2 keyboard as /devices/platform/i8042/serio0/input/input2
[    0.767916] Segment Routing with IPv6
[    0.769624] NET: Registered protocol family 17
[    0.769624] Key type dns_resolver registered
[    0.775659] mce: Using 0 MCE banks
[    0.777504] RAS: Correctable Errors collector initialized.
[    0.779532] sched_clock: Marking stable (775532293, 0)->(1570813378, -795281085)
[    0.784816] registered taskstats version 1
[    0.786921] Loading compiled-in X.509 certificates
[    0.792974] Loaded X.509 cert 'Build time autogenerated kernel key: 51c91b167e8daada285dd448a981da05683ebd03'
[    0.798509] Loaded X.509 cert 'Canonical Ltd. Live Patch Signing: 14df34d1a87cf37625abec039ef2bf521249b969'
[    0.804217] Loaded X.509 cert 'Canonical Ltd. Kernel Module Signing: 88f752e560a1e0737e31163a466ad7b70a850c19'
[    0.809547] blacklist: Loading compiled-in revocation X.509 certificates
[    0.812932] Loaded X.509 cert 'Canonical Ltd. Secure Boot Signing: 61482aa2830d0ab2ad5af10b7250da9033ddcef0'
[    0.817845] zswap: loaded using pool lzo/zbud
[    0.822322] Key type big_key registered
[    0.824707] Key type trusted registered
[    0.877881] Key type encrypted registered
[    0.880450] AppArmor: AppArmor sha1 policy hashing enabled
[    0.883032] ima: No TPM chip found, activating TPM-bypass! (rc=-19)
[    0.886644] ima: Allocated hash algorithm: sha1
[    0.889942] evm: HMAC attrs: 0x1
[    0.896211]   Magic number: 10:427:990
[    0.900383] rtc_cmos rtc_cmos: setting system clock to 2022-02-07 14:57:55 UTC (1644245875)
[    0.907681] BIOS EDD facility v0.16 2004-Jun-25, 0 devices found
[    0.912035] EDD information not available.
[    0.916449] Freeing unused kernel image memory: 2476K
[    0.920121] Write protecting the kernel read-only data: 20480k
[    0.923321] Freeing unused kernel image memory: 2008K
[    0.926740] Freeing unused kernel image memory: 1820K
[    0.932568] x86/mm: Checked W+X mappings: passed, no W+X pages found.
Loading, please wait...
starting version 237
[    1.036111] e1000: Intel(R) PRO/1000 Network Driver - version 7.3.21-k8-NAPI
[    1.041898] e1000: Copyright (c) 1999-2006 Intel Corporation.
[    1.054843] Fusion MPT base driver 3.04.20
[    1.058180] Copyright (c) 1999-2008 LSI Corporation
[    1.102352] Fusion MPT SPI Host driver 3.04.20
[    1.576366] input: ImExPS/2 Generic Explorer Mouse as /devices/platform/i8042/serio1/input/input4
[    1.721571] e1000 0000:00:03.0 eth0: (PCI:33MHz:32-bit) 02:e8:64:37:14:18
[    1.725531] e1000 0000:00:03.0 eth0: Intel(R) PRO/1000 Network Connection
[    1.729941] mptbase: ioc0: Initiating bringup
[    1.830007] ioc0: LSI53C1030 A0: Capabilities={Initiator}
[    2.080068] scsi host2: ioc0: LSI53C1030 A0, FwRev=00000000h, Ports=1, MaxQ=256, IRQ=20
[    2.253679] scsi 2:0:0:0: Direct-Access     VBOX     HARDDISK         1.0  PQ: 0 ANSI: 5
[    2.259540] scsi target2:0:0: Beginning Domain Validation
[    2.268003] scsi target2:0:0: Domain Validation skipping write tests
[    2.272032] scsi target2:0:0: Ending Domain Validation
[    2.275745] scsi target2:0:0: asynchronous
[    2.279592] scsi 2:0:1:0: Direct-Access     VBOX     HARDDISK         1.0  PQ: 0 ANSI: 5
[    2.284181] scsi target2:0:1: Beginning Domain Validation
[    2.292467] scsi target2:0:1: Domain Validation skipping write tests
[    2.296102] scsi target2:0:1: Ending Domain Validation
[    2.298962] scsi target2:0:1: asynchronous
[    2.335958] random: fast init done
[    2.418623] sd 2:0:0:0: Attached scsi generic sg0 type 0
[    2.422319] sd 2:0:1:0: Attached scsi generic sg1 type 0
[    2.425705] random: systemd-udevd: uninitialized urandom read (16 bytes read)
[    2.429930] random: systemd-udevd: uninitialized urandom read (16 bytes read)
[    2.434124] random: systemd-udevd: uninitialized urandom read (16 bytes read)
[    2.439665] sd 2:0:0:0: [sda] 83886080 512-byte logical blocks: (42.9 GB/40.0 GiB)
[    2.445273] sd 2:0:1:0: [sdb] 20480 512-byte logical blocks: (10.5 MB/10.0 MiB)
[    2.456728] sd 2:0:1:0: [sdb] Write Protect is off
[    2.459731] sd 2:0:0:0: [sda] Write Protect is off
[    2.463613] sd 2:0:0:0: [sda] Incomplete mode parameter data
[    2.466985] sd 2:0:0:0: [sda] Assuming drive cache: write through
[    2.470411] sd 2:0:1:0: [sdb] Incomplete mode parameter data
[    2.473424] sd 2:0:1:0: [sdb] Assuming drive cache: write through
[    2.493730]  sda: sda1
[    2.496593] sd 2:0:1:0: [sdb] Attached SCSI disk
[    2.499663] sd 2:0:0:0: [sda] Attached SCSI disk
[    2.894923] e1000 0000:00:08.0 eth1: (PCI:33MHz:32-bit) 08:00:27:43:94:a8
[    2.898373] e1000 0000:00:08.0 eth1: Intel(R) PRO/1000 Network Connection
[    2.902785] e1000 0000:00:08.0 enp0s8: renamed from eth1
[    2.916215] e1000 0000:00:03.0 enp0s3: renamed from eth0
Begin: Loading essential drivers ... [    4.805849] raid6: sse2x1   gen() 16005 MB/s
[    4.870041] raid6: sse2x1   xor() 11554 MB/s
[    4.932924] raid6: sse2x2   gen() 24864 MB/s
[    4.996962] raid6: sse2x2   xor() 12197 MB/s
[    5.060991] raid6: sse2x4   gen() 18276 MB/s
[    5.125221] raid6: sse2x4   xor() 10755 MB/s
[    5.127809] raid6: using algorithm sse2x2 gen() 24864 MB/s
[    5.130426] raid6: .... xor() 12197 MB/s, rmw enabled
[    5.132820] raid6: using ssse3x2 recovery algorithm
[    5.136406] xor: measuring software checksum speed
[    5.264109]    prefetch64-sse: 125367.000 MB/sec
[    5.404175]    generic_sse: 116123.000 MB/sec
[    5.406626] xor: using function: prefetch64-sse (125367.000 MB/sec)
[    5.410897] async_tx: api initialized (async)
done.
Begin: Running /scripts/init-premount ... done.
Begin: Mounting root file system ... Begin: Running /scripts/local-top ... done.
Begin: Running /scripts/local-premount ... [    5.454854] Btrfs loaded, crc32c=crc32c-intel
Scanning for Btrfs filesystems
done.
Warning: fsck not present, so skipping root file system
[    5.496474] EXT4-fs (sda1): mounted filesystem with ordered data mode. Opts: (null)
done.
Begin: Running /scripts/local-bottom ... done.
Begin: Running /scripts/init-bottom ... done.
[    5.671807] ip_tables: (C) 2000-2006 Netfilter Core Team
[    5.684715] systemd[1]: systemd 237 running in system mode. (+PAM +AUDIT +SELINUX +IMA +APPARMOR +SMACK +SYSVINIT +UTMP +LIBCRYPTSETUP +GCRYPT +GNUTLS +ACL +XZ +LZ4 +SECCOMP +BLKID +ELFUTILS +KMOD -IDN2 +IDN -PCRE2 default-hierarchy=hybrid)
[    5.696915] systemd[1]: Detected virtualization oracle.
[    5.699645] systemd[1]: Detected architecture x86-64.

Welcome to [1mUbuntu 18.04.6 LTS[0m!

[    5.708408] systemd[1]: Set hostname to <ubuntu>.
[    5.715907] systemd[1]: Initializing machine ID from random generator.
[    5.719260] systemd[1]: Installed transient /etc/machine-id file.
[    5.984987] systemd[1]: Started Forward Password Requests to Wall Directory Watch.
[[0;32m  OK  [0m] Started Forward Password Requests to Wall Directory Watch.
[    5.990294] systemd[1]: Reached target User and Group Name Lookups.
[[0;32m  OK  [0m] Reached target User and Group Name Lookups.
[    5.995108] systemd[1]: Created slice User and Session Slice.
[[0;32m  OK  [0m] Created slice User and Session Slice.
[    5.999272] systemd[1]: Created slice System Slice.
[[0;32m  OK  [0m] Created slice System Slice.
[[0;32m  OK  [0m] Listening on Device-mapper event daemon FIFOs.
[[0;32m  OK  [0m] Listening on Journal Socket.
         Starting Load Kernel Modules...
         Starting Create list of required st…ce nodes for the current kernel...
[[0;32m  OK  [0m] Listening on Network Service Netlink Socket.
[[0;32m  OK  [0m] Listening on fsck to fsckd communication Socket.
[[0;32m  OK  [0m] Listening on Journal Audit Socket.
         Starting File System Check on Root Device...
[[0;32m  OK  [0m] Reached target Swap.
         Mounting Huge Pages File System...
[[0;32m  OK  [0m] Listening on Syslog Socket.
[[0;32m  OK  [0m] Reached target System Time Synchronized.
[[0;32m  OK  [0m] Listening on LVM2 metadata daemon socket.
[[0;32m  OK  [0m] Listening on udev Kernel Socket.
[    6.036095] Loading iSCSI transport class v2.0-870.
[[0;32m  OK  [0m] Reached target Slices.
[[0;32m  OK  [0m] Listening on Journal Socket (/dev/log).
         Starting Journal Service...
[    6.055851] iscsi: registered transport (tcp)
[[0;32m  OK  [0m] Listening on udev Control Socket.
         Starting udev Coldplug all Devices...
[[0;32m  OK  [0m] Created slice system-serial\x2dgetty.slice.
         Mounting POSIX Message Queue File System...
         Starting Set the console keyboard layout...
         Starting Uncomplicated firewall...
         Starting Monitoring of LVM2 mirrors…ng dmeventd or progress polling...
[[0;32m  OK  [0m] Listening on /dev/initctl Compatibility Named Pipe.
[[0;32m  OK  [0m] Set up automount Arbitrary Executab…rmats File System Automount Point.
[    6.085759] iscsi: registered transport (iser)
         Mounting Kernel Debug File System...
[[0;32m  OK  [0m] Listening on LVM2 poll daemon socket.
[[0;32m  OK  [0m] Started Journal Service.
[[0;32m  OK  [0m] Started Load Kernel Modules.
[[0;32m  OK  [0m] Started Create list of required sta…vice nodes for the current kernel.
[[0;32m  OK  [0m] Started Uncomplicated firewall.
[[0;32m  OK  [0m] Started File System Check Daemon to report status.
[[0;32m  OK  [0m] Started LVM2 metadata daemon.
         Starting Create Static Device Nodes in /dev...
         Starting Apply Kernel Variables...
         Mounting Kernel Configuration File System...
         Mounting FUSE Control File System...
[[0;32m  OK  [0m] Mounted FUSE Control File System.
[[0;32m  OK  [0m] Mounted Kernel Configuration File System.
[[0;32m  OK  [0m] Mounted Kernel Debug File System.
[[0;32m  OK  [0m] Mounted Huge Pages File System.
[[0;32m  OK  [0m] Mounted POSIX Message Queue File System.
[[0;32m  OK  [0m] Started udev Coldplug all Devices.
[[0;32m  OK  [0m] Started Create Static Device Nodes in /dev.
[[0;32m  OK  [0m] Started Monitoring of LVM2 mirrors,…sing dmeventd or progress polling.
[[0;32m  OK  [0m] Started File System Check on Root Device.
[[0;32m  OK  [0m] Started Apply Kernel Variables.
         Starting Remount Root and Kernel File Systems...
[[0;32m  OK  [0m] Started Remount Root and Kernel File Systems.
         Starting udev Kernel Device Manager...
         Starting Flush Journal to Persistent Storage...
         Starting Load/Save Random Seed...
[[0;32m  OK  [0m] Started udev Kernel Device Manager.
[[0;32m  OK  [0m] Started Load/Save Random Seed.
[[0;32m  OK  [0m] Started Flush Journal to Persistent Storage.
[[0;32m  OK  [0m] Found device /dev/ttyS0.
[[0;32m  OK  [0m] Listening on Load/Save RF Kill Switch Status /dev/rfkill Watch.
[[0;32m  OK  [0m] Started Set the console keyboard layout.
[[0;32m  OK  [0m] Started Dispatch Password Requests to Console Directory Watch.
[[0;32m  OK  [0m] Reached target Local Encrypted Volumes.
[[0;32m  OK  [0m] Reached target Local File Systems (Pre).
[[0;32m  OK  [0m] Reached target Local File Systems.
         Starting Create Volatile Files and Directories...
         Starting AppArmor initialization...
         Starting Commit a transient machine-id on disk...
         Starting Tell Plymouth To Write Out Runtime Data...
         Starting Set console font and keymap...
         Starting ebtables ruleset management...
[[0;32m  OK  [0m] Started Tell Plymouth To Write Out Runtime Data.
[[0;32m  OK  [0m] Started Commit a transient machine-id on disk.
[[0;32m  OK  [0m] Started Set console font and keymap.
[[0;32m  OK  [0m] Started Create Volatile Files and Directories.
         Starting Update UTMP about System Boot/Shutdown...
[[0;32m  OK  [0m] Started Update UTMP about System Boot/Shutdown.
[[0;32m  OK  [0m] Started ebtables ruleset management.
[[0;32m  OK  [0m] Started AppArmor initialization.
         Starting Load AppArmor profiles managed internally by snapd...
         Starting Initial cloud-init job (pre-networking)...
[[0;32m  OK  [0m] Started Load AppArmor profiles managed internally by snapd.
[    9.357001] cloud-init[690]: Cloud-init v. 21.4-0ubuntu1~18.04.1 running 'init-local' at Mon, 07 Feb 2022 14:58:03 +0000. Up 9.07 seconds.
[[0;32m  OK  [0m] Started Initial cloud-init job (pre-networking).
[[0;32m  OK  [0m] Reached target Network (Pre).
         Starting Network Service...
[[0;32m  OK  [0m] Started Network Service.
         Starting Network Name Resolution...
         Starting Wait for Network to be Configured...
[[0;32m  OK  [0m] Started Network Name Resolution.
[[0;32m  OK  [0m] Reached target Host and Network Name Lookups.
[[0;32m  OK  [0m] Reached target Network.
[[0;32m  OK  [0m] Started Wait for Network to be Configured.
         Starting Initial cloud-init job (metadata service crawler)...
[   11.841504] cloud-init[819]: Cloud-init v. 21.4-0ubuntu1~18.04.1 running 'init' at Mon, 07 Feb 2022 14:58:06 +0000. Up 11.73 seconds.
[   11.848768] cloud-init[819]: ci-info: ++++++++++++++++++++++++++++++++++++++Net device info+++++++++++++++++++++++++++++++++++++++
[   11.852913] cloud-init[819]: ci-info: +--------+-------+----------------------------+---------------+--------+-------------------+
[   11.856310] cloud-init[819]: ci-info: | Device |   Up  |          Address           |      Mask     | Scope  |     Hw-Address    |
[   11.859194] cloud-init[819]: ci-info: +--------+-------+----------------------------+---------------+--------+-------------------+
[   11.863864] cloud-init[819]: ci-info: | enp0s3 |  True |         10.0.2.15          | 255.255.255.0 | global | 02:e8:64:37:14:18 |
[   11.866911] cloud-init[819]: ci-info: | enp0s3 |  True | fe80::e8:64ff:fe37:1418/64 |       .       |  link  | 02:e8:64:37:14:18 |
[   11.869387] cloud-init[819]: ci-info: | enp0s8 | False |             .              |       .       |   .    | 08:00:27:43:94:a8 |
[   11.872839] cloud-init[819]: ci-info: |   lo   |  True |         127.0.0.1          |   255.0.0.0   |  host  |         .         |
[   11.876124] cloud-init[819]: ci-info: |   lo   |  True |          ::1/128           |       .       |  host  |         .         |
[   11.878844] cloud-init[819]: ci-info: +--------+-------+----------------------------+---------------+--------+-------------------+
[   11.881504] cloud-init[819]: ci-info: ++++++++++++++++++++++++++++Route IPv4 info+++++++++++++++++++++++++++++
[   11.884660] cloud-init[819]: ci-info: +-------+-------------+----------+-----------------+-----------+-------+
[   11.887399] cloud-init[819]: ci-info: | Route | Destination | Gateway  |     Genmask     | Interface | Flags |
[   11.890734] cloud-init[819]: ci-info: +-------+-------------+----------+-----------------+-----------+-------+
[   11.893045] cloud-init[819]: ci-info: |   0   |   0.0.0.0   | 10.0.2.2 |     0.0.0.0     |   enp0s3  |   UG  |
[   11.895860] cloud-init[819]: ci-info: |   1   |   10.0.2.0  | 0.0.0.0  |  255.255.255.0  |   enp0s3  |   U   |
[   11.898073] cloud-init[819]: ci-info: |   2   |   10.0.2.2  | 0.0.0.0  | 255.255.255.255 |   enp0s3  |   UH  |
[   11.900562] cloud-init[819]: ci-info: +-------+-------------+----------+-----------------+-----------+-------+
[   11.905586] cloud-init[819]: ci-info: +++++++++++++++++++Route IPv6 info+++++++++++++++++++
[   11.910776] cloud-init[819]: ci-info: +-------+-------------+---------+-----------+-------+
[   11.914077] cloud-init[819]: ci-info: | Route | Destination | Gateway | Interface | Flags |
[   11.917492] cloud-init[819]: ci-info: +-------+-------------+---------+-----------+-------+
[   11.920773] cloud-init[819]: ci-info: |   1   |  fe80::/64  |    ::   |   enp0s3  |   U   |
[   11.925281] cloud-init[819]: ci-info: |   3   |    local    |    ::   |   enp0s3  |   U   |
[   11.928620] cloud-init[819]: ci-info: |   4   |   ff00::/8  |    ::   |   enp0s3  |   U   |
[   11.931998] cloud-init[819]: ci-info: +-------+-------------+---------+-----------+-------+
[   12.562650] cloud-init[819]: Generating public/private rsa key pair.
[   12.569700] cloud-init[819]: Your identification has been saved in /etc/ssh/ssh_host_rsa_key.
[[0;32m  OK  [0m] Started Initial cloud-init job (metadata service crawler).
[[0;32m  OK  [0m] Reached target Cloud-config availability.
[   12.605945] cloud-init[819]: Your public key has been saved in /etc/ssh/ssh_host_rsa_key.pub.
[[0;32m  OK  [0m] Reached target Network is Online.
[   12.614450] cloud-init[819]: The key fingerprint is:
[   12.616694] cloud-init[819]: SHA256:tPxzI9J8lo4q7GzRueS45Zq0iAdfc8zz+jDxoqMAi/M root@ubuntu-bionic
         Starting Availability of block devices...
[[0;32m  OK  [0m] Reached target Remote File Systems (Pre).
[[0;32m  OK  [0m] Reached target Remote File Systems.
[[0;32m  OK  [0m] Reached target System Initialization.
[[0;32m  OK  [0m] Listening on Open-iSCSI iscsid Socket.
[[0;32m  OK  [0m] Listening on UUID daemon activation socket.
         Starting Socket activation for snappy daemon.
[[0;32m  OK  [0m] Started Discard unused blocks once a week.
[   12.634366] cloud-init[819]: The key's randomart image is:
[   12.651066] cloud-init[819]: +---[RSA 2048]----+
         Starting LXD - unix socket.
[[0;32m  OK  [0m] Listening on ACPID Listen Socket.
[   12.661734] cloud-init[819]: |                 |
[   12.666069] cloud-init[819]: |                 |
[[0;32m  OK  [0m] Started Message of the Day.
[[0;32m  OK  [0m] Started Daily Cleanup of Temporary Directories.
[   12.668221] cloud-init[819]: |        .        |
[   12.673610] cloud-init[819]: |       o .       |
[   12.675212] cloud-init[819]: |.      +S.       |
[   12.676732] cloud-init[819]: |.o.   + O*   .   |
[[0;32m  OK  [0m] Started ACPI Events Check.
[[0;32m  OK  [0m] Listening on cloud-init hotplug hook socket.
[   12.679079] cloud-init[819]: |+ .o o.B*+B *    |
[   12.684742] cloud-init[819]: | o oo+**o=.O .   |
[[0;32m  OK  [0m] Listening on D-Bus System Message Bus Socket.
[[0;32m  OK  [0m] Started Ubuntu Advantage Timer for running repeated jobs.
[   12.687420] cloud-init[819]: |  E.o+O=++o .    |
[   12.694326] cloud-init[819]: +----[SHA256]-----+
[[0;32m  OK  [0m] Started Daily apt download activities.
[   12.696662] cloud-init[819]: Generating public/private dsa key pair.
[   12.699431] cloud-init[819]: Your identification has been saved in /etc/ssh/ssh_host_dsa_key.
[[0;32m  OK  [0m] Started Trigger to poll for Ubuntu …(Only enabled on GCP LTS non-pro).
[   12.703596] cloud-init[819]: Your public key has been saved in /etc/ssh/ssh_host_dsa_key.pub.
[[0;32m  OK  [0m] Reached target Paths.
[[0;32m  OK  [0m] Started Daily apt upgrade and clean activities.
[   12.710003] cloud-init[819]: The key fingerprint is:
[   12.714821] cloud-init[819]: SHA256:8NnZdjm/CjZyUZ5ixbkT52fwtsq8MQjb3hoFjZy44/8 root@ubuntu-bionic
[[0;32m  OK  [0m] Reached target Timers.
[   12.718982] cloud-init[819]: The key's randomart image is:
[   12.721510] cloud-init[819]: +---[DSA 1024]----+
[   12.722625] cloud-init[819]: |                 |
[[0;32m  OK  [0m] Started Availability of block devices.
[[0;32m  OK  [0m] Listening on Socket activation for snappy daemon.
[   12.724955] cloud-init[819]: |          o = .  |
[   12.731921] cloud-init[819]: |      .  . = B.. |
[[0;32m  OK  [0m] Listening on LXD - unix socket.
[[0;32m  OK  [0m] Reached target Sockets.
[   12.741992] cloud-init[819]: |       o o.o= *+ |
[   12.746379] cloud-init[819]: |        S+o+o*+.=|
[[0;32m  OK  [0m] Reached target Basic System.
[   12.748670] cloud-init[819]: |        . *.=..=o|
[[0;32m  OK  [0m] Started D-Bus System Message Bus.
[   12.763515] cloud-init[819]: |         + O o ..|
[   12.768286] cloud-init[819]: |          * B + .|
[   12.769343] cloud-init[819]: |           +oEo. |
[   12.770598] cloud-init[819]: +----[SHA256]-----+
[   12.772297] cloud-init[819]: Generating public/private ecdsa key pair.
[   12.774113] cloud-init[819]: Your identification has been saved in /etc/ssh/ssh_host_ecdsa_key.
[   12.776249] cloud-init[819]: Your public key has been saved in /etc/ssh/ssh_host_ecdsa_key.pub.
[   12.778859] cloud-init[819]: The key fingerprint is:
[   12.781060] cloud-init[819]: SHA256:aKbG/cHOhvOnk+MHbBEYXSPTVap63nNPaefCGUw7yB0 root@ubuntu-bionic
[   12.783083] cloud-init[819]: The key's randomart image is:
[   12.784556] cloud-init[819]: +---[ECDSA 256]---+
[   12.785703] cloud-init[819]: |      .+ooo....  |
[   12.786858] cloud-init[819]: |      . oo.. .   |
[   12.788032] cloud-init[819]: |         .  .    |
[   12.790175] cloud-init[819]: |       ..  .  E  |
[   12.791466] cloud-init[819]: |      +.S... = o |
[   12.792751] cloud-init[819]: |   . = .+.  o * .|
[   12.794087] cloud-init[819]: |    + .o+o.  . *o|
[   12.795210] cloud-init[819]: |   .  o+=+o.. *o.|
[   12.796420] cloud-init[819]: |       =B*. .o oo|
[   12.797700] cloud-init[819]: +----[SHA256]-----+
[   12.799102] cloud-init[819]: Generating public/private ed25519 key pair.
[   12.800740] cloud-init[819]: Your identification has been saved in /etc/ssh/ssh_host_ed25519_key.
[   12.802831] cloud-init[819]: Your public key has been saved in /etc/ssh/ssh_host_ed25519_key.pub.
[   12.804915] cloud-init[819]: The key fingerprint is:
[   12.806121] cloud-init[819]: SHA256:ziyRaaQ2LZGtctmelV0jqYnqitQyornNOtH0xML9QU4 root@ubuntu-bionic
[   12.807881] cloud-init[819]: The key's randomart image is:
[   12.809274] cloud-init[819]: +--[ED25519 256]--+
[   12.811681] cloud-init[819]: |                 |
[   12.812831] cloud-init[819]: |     oE    .     |
[   12.814046] cloud-init[819]: | . oo+o   o o    |
[   12.815180] cloud-init[819]: |  + +Oo+ = o .   |
[   12.816470] cloud-init[819]: | o.+O.O.S .      |
[   12.817717] cloud-init[819]: |. o+.*.B         |
[   12.818952] cloud-init[819]: |.= .. + +        |
[   12.820430] cloud-init[819]: |==o.   .         |
[   12.821898] cloud-init[819]: |*++..            |
[   12.823040] cloud-init[819]: +----[SHA256]-----+
         Starting Accounts Service...
         Starting LXD - container startup/shutdown...
         Starting System Logging Service...
[[0;32m  OK  [0m] Started Regular background program processing daemon.
         Starting LSB: automatic crash report generation...
[[0;32m  OK  [0m] Started irqbalance daemon.
         Starting Dispatcher daemon for systemd-networkd...
[[0;32m  OK  [0m] Started Deferred execution scheduler.
         Starting LSB: Record successful boot for GRUB...
[[0;32m  OK  [0m] Started FUSE filesystem for LXC.
         Starting Pollinate to seed the pseudo random number generator...
         Starting Virtualbox guest utils...
         Starting Permit User Sessions...
         Starting Login Service...
         Starting Snap Daemon...
[[0;32m  OK  [0m] Started System Logging Service.
[[0;32m  OK  [0m] Started LXD - container startup/shutdown.
[[0;32m  OK  [0m] Started Permit User Sessions.
         Starting Authorization Manager...
         Starting Terminate Plymouth Boot Screen...
         Starting Hold until boot process finishes up...
[[0;32m  OK  [0m] Started Login Service.
[[0;32m  OK  [0m] Started Unattended Upgrades Shutdown.
[[0;32m  OK  [0m] Started Hold until boot process finishes up.
[[0;32m  OK  [0m] Started Serial Getty on ttyS0.
         Starting Set console scheme...
[[0;32m  OK  [0m] Started Terminate Plymouth Boot Screen.
[[0;32m  OK  [0m] Started Authorization Manager.
[[0;32m  OK  [0m] Started Accounts Service.
[[0;32m  OK  [0m] Started Set console scheme.
[[0;32m  OK  [0m] Created slice system-getty.slice.
[[0;32m  OK  [0m] Started Getty on tty1.
[[0;32m  OK  [0m] Reached target Login Prompts.
[[0;32m  OK  [0m] Started LSB: automatic crash report generation.
[[0;32m  OK  [0m] Started LSB: Record successful boot for GRUB.
[[0;32m  OK  [0m] Started Virtualbox guest utils.
[[0;32m  OK  [0m] Started Dispatcher daemon for systemd-networkd.
[[0;32m  OK  [0m] Started Snap Daemon.
         Starting Wait until snapd is fully seeded...
[[0;32m  OK  [0m] Started Pollinate to seed the pseudo random number generator.
         Starting OpenBSD Secure Shell server...
[[0;32m  OK  [0m] Started OpenBSD Secure Shell server.
[[0;32m  OK  [0m] Created slice User Slice of vagrant.
         Starting User Manager for UID 1000...
[[0;32m  OK  [0m] Started Session 1 of user vagrant.
[[0;32m  OK  [0m] Started User Manager for UID 1000.
[[0;32m  OK  [0m] Started Wait until snapd is fully seeded.
         Starting Apply the settings specified in cloud-config...
[[0;32m  OK  [0m] Reached target Multi-User System.
[[0;32m  OK  [0m] Reached target Graphical Interface.
         Starting Update UTMP about System Runlevel Changes...
[[0;32m  OK  [0m] Started Update UTMP about System Runlevel Changes.
[   16.078339] cloud-init[1522]: Cloud-init v. 21.4-0ubuntu1~18.04.1 running 'modules:config' at Mon, 07 Feb 2022 14:58:10 +0000. Up 15.62 seconds.
[[0;32m  OK  [0m] Started Apply the settings specified in cloud-config.
         Starting Execute cloud user/final scripts...
ci-info: no authorized SSH keys fingerprints found for user ubuntu.
<14>Feb  7 14:58:11 cloud-init: #############################################################
<14>Feb  7 14:58:11 cloud-init: -----BEGIN SSH HOST KEY FINGERPRINTS-----
<14>Feb  7 14:58:11 cloud-init: 1024 SHA256:8NnZdjm/CjZyUZ5ixbkT52fwtsq8MQjb3hoFjZy44/8 root@ubuntu-bionic (DSA)
<14>Feb  7 14:58:11 cloud-init: 256 SHA256:aKbG/cHOhvOnk+MHbBEYXSPTVap63nNPaefCGUw7yB0 root@ubuntu-bionic (ECDSA)
<14>Feb  7 14:58:11 cloud-init: 256 SHA256:ziyRaaQ2LZGtctmelV0jqYnqitQyornNOtH0xML9QU4 root@ubuntu-bionic (ED25519)
<14>Feb  7 14:58:11 cloud-init: 2048 SHA256:tPxzI9J8lo4q7GzRueS45Zq0iAdfc8zz+jDxoqMAi/M root@ubuntu-bionic (RSA)
<14>Feb  7 14:58:11 cloud-init: -----END SSH HOST KEY FINGERPRINTS-----
<14>Feb  7 14:58:11 cloud-init: #############################################################
-----BEGIN SSH HOST KEY KEYS-----
ecdsa-sha2-nistp256 AAAAE2VjZHNhLXNoYTItbmlzdHAyNTYAAAAIbmlzdHAyNTYAAABBBJkSCe6HkNgqiZ0bbAcOLnMkSvwUfH2jWJQy9UESncMjLKVhZIvMtYV6fGtchkazvRv8O/lkjIJZEEsRODuFstc= root@ubuntu-bionic
ssh-ed25519 AAAAC3NzaC1lZDI1NTE5AAAAIHXzfU+NpC1b1eATReo7VrBC+kGew7Izt0TplTXOJmwv root@ubuntu-bionic
ssh-rsa AAAAB3NzaC1yc2EAAAADAQABAAABAQDSJ1iJ/0cTrqQz7i7wnb5REDieHPLQ+dwEmJZF2FodARO+oUYeYWAggRXnN/NLShWUPhjJHdeJ+Mg9FSND9S9QD8u9oZvTN5ayhdF2EphdesfzbRZcx3sUH4ky7TZqvc49U4bp76Y3xWqULkdK76rhi+AtkAdGXvUQEypVJDCIi4DbYyFLDUC1M8OlSX0Pi1/T5opkVG4diABdf1cq6b2UbxBg7BnxW+8xXlmQgQHMiP4uP2WrIgPQeSCA+Rq2uczBPSQdw58Dzq3ByEWE1iuEraPweXTbrWc5xZtMo5MqDR5NPSLBAaUuVlVQ+sRSqMO+f7MonKq5nzrjo4EriA6X root@ubuntu-bionic
-----END SSH HOST KEY KEYS-----
[   16.829785] cloud-init[1593]: Cloud-init v. 21.4-0ubuntu1~18.04.1 running 'modules:final' at Mon, 07 Feb 2022 14:58:11 +0000. Up 16.58 seconds.
[[0;32m  OK  [0m] Started Execute cloud user/final scripts.
[[0;32m  OK  [0m] Reached target Cloud-init target.
[   16.867726] cloud-init[1593]: ci-info: no authorized SSH keys fingerprints found for user ubuntu.
[   16.925835] cloud-init[1593]: Cloud-init v. 21.4-0ubuntu1~18.04.1 finished at Mon, 07 Feb 2022 14:58:11 +0000. Datasource DataSourceNoCloud [seed=/dev/sdb][dsmode=net].  Up 16.82 seconds

Ubuntu 18.04.6 LTS ubuntu-bionic ttyS0

ubuntu-bionic login: 